2023-09-13 15:30:07,374 - TestMyLog - INFO - ********************初始化实名认证数据**********************
2023-09-13 15:30:07,374 - TestMyLog - INFO - ********************初始化实名认证数据**********************
2023-09-13 15:30:07,482 - TestMyLog - INFO - ********************初始化实名认证数据完成，登录开始**********************
2023-09-13 15:30:07,482 - TestMyLog - INFO - ********************初始化实名认证数据完成，登录开始**********************
2023-09-13 15:30:08,926 - TestMyLog - INFO - ********************登录结束，进入实名认证操作**********************
2023-09-13 15:30:08,926 - TestMyLog - INFO - ********************登录结束，进入实名认证操作**********************
2023-09-13 15:30:30,691 - TestMyLog - INFO - ***************检查点：已认证，实名认证测试完成**********************
2023-09-13 15:30:30,691 - TestMyLog - INFO - ***************检查点：已认证，实名认证测试完成**********************
2023-09-13 15:30:41,883 - TestMyLog - INFO - ********************登录开始**********************
2023-09-13 15:30:41,883 - TestMyLog - INFO - ********************登录开始**********************
2023-09-13 15:30:43,305 - TestMyLog - INFO - ********************登录结束，进入实名认证操作*********************
2023-09-13 15:30:43,305 - TestMyLog - INFO - ********************登录结束，进入实名认证操作*********************
2023-09-13 15:31:13,138 - TestMyLog - INFO - ********登录测试开始,输入用户名：13730870086输入验证码:230516******
2023-09-13 15:31:13,138 - TestMyLog - INFO - ********登录测试开始,输入用户名：13730870086输入验证码:230516******
2023-09-13 15:31:26,120 - TestMyLog - INFO - ********登录测试开始,输入用户名：137308700861输入验证码:230516******
2023-09-13 15:31:26,120 - TestMyLog - INFO - ********登录测试开始,输入用户名：137308700861输入验证码:230516******
2023-09-13 15:31:27,574 - TestMyLog - INFO - ********登录测试结束********
2023-09-13 15:31:27,574 - TestMyLog - INFO - ********登录测试结束********
2023-09-13 15:31:38,525 - TestMyLog - INFO - ********登录测试开始,输入用户名：1373087008输入验证码:230516******
2023-09-13 15:31:38,525 - TestMyLog - INFO - ********登录测试开始,输入用户名：1373087008输入验证码:230516******
2023-09-13 15:31:39,972 - TestMyLog - INFO - ********登录测试结束********
2023-09-13 15:31:39,972 - TestMyLog - INFO - ********登录测试结束********
2023-09-13 15:31:50,999 - TestMyLog - INFO - ********登录测试开始,输入用户名：输入验证码:230516******
2023-09-13 15:31:50,999 - TestMyLog - INFO - ********登录测试开始,输入用户名：输入验证码:230516******
2023-09-13 15:31:52,419 - TestMyLog - INFO - ********登录测试结束********
2023-09-13 15:31:52,419 - TestMyLog - INFO - ********登录测试结束********
2023-09-13 15:32:03,586 - TestMyLog - INFO - ********登录测试开始,输入用户名：13730870086输入验证码:******
2023-09-13 15:32:03,586 - TestMyLog - INFO - ********登录测试开始,输入用户名：13730870086输入验证码:******
2023-09-13 15:32:05,004 - TestMyLog - INFO - ********登录测试结束********
2023-09-13 15:32:05,004 - TestMyLog - INFO - ********登录测试结束********
2023-09-13 15:32:16,389 - TestMyLog - INFO - ********登录测试开始,输入用户名：13730870086输入验证码:230515******
2023-09-13 15:32:16,389 - TestMyLog - INFO - ********登录测试开始,输入用户名：13730870086输入验证码:230515******
2023-09-13 15:32:17,895 - TestMyLog - INFO - ********登录测试结束********
2023-09-13 15:32:17,895 - TestMyLog - INFO - ********登录测试结束********
