2023-09-13 15:49:50,100 - TestMyLog - INFO - ********************初始化实名认证数据**********************
2023-09-13 15:49:50,100 - TestMyLog - INFO - ********************初始化实名认证数据**********************
2023-09-13 15:49:50,202 - TestMyLog - INFO - ********************初始化实名认证数据完成，登录开始**********************
2023-09-13 15:49:50,202 - TestMyLog - INFO - ********************初始化实名认证数据完成，登录开始**********************
2023-09-13 15:49:51,622 - TestMyLog - INFO - ********************登录结束，进入实名认证操作**********************
2023-09-13 15:49:51,622 - TestMyLog - INFO - ********************登录结束，进入实名认证操作**********************
2023-09-13 15:50:13,424 - TestMyLog - INFO - ***************检查点：已认证，实名认证测试完成**********************
2023-09-13 15:50:13,424 - TestMyLog - INFO - ***************检查点：已认证，实名认证测试完成**********************
2023-09-13 15:50:24,662 - TestMyLog - INFO - ********************登录开始**********************
2023-09-13 15:50:24,662 - TestMyLog - INFO - ********************登录开始**********************
2023-09-13 15:50:26,101 - TestMyLog - INFO - ********************登录结束，进入实名认证操作*********************
2023-09-13 15:50:26,101 - TestMyLog - INFO - ********************登录结束，进入实名认证操作*********************
2023-09-13 15:50:44,325 - TestMyLog - INFO - ***************检查点：营业执照号已认证其它企业,请勿重复认证多个企业，实名认证测试完成**********************
2023-09-13 15:50:44,325 - TestMyLog - INFO - ***************检查点：营业执照号已认证其它企业,请勿重复认证多个企业，实名认证测试完成**********************
2023-09-13 15:50:55,506 - TestMyLog - INFO - ********登录测试开始,输入用户名：13730870086输入验证码:230516******
2023-09-13 15:50:55,506 - TestMyLog - INFO - ********登录测试开始,输入用户名：13730870086输入验证码:230516******
2023-09-13 15:51:10,940 - TestMyLog - INFO - ********登录测试开始,输入用户名：137308700861输入验证码:230516******
2023-09-13 15:51:10,940 - TestMyLog - INFO - ********登录测试开始,输入用户名：137308700861输入验证码:230516******
2023-09-13 15:51:12,398 - TestMyLog - INFO - ********登录测试结束********
2023-09-13 15:51:12,398 - TestMyLog - INFO - ********登录测试结束********
2023-09-13 15:51:23,234 - TestMyLog - INFO - ********登录测试开始,输入用户名：1373087008输入验证码:230516******
2023-09-13 15:51:23,234 - TestMyLog - INFO - ********登录测试开始,输入用户名：1373087008输入验证码:230516******
2023-09-13 15:51:24,686 - TestMyLog - INFO - ********登录测试结束********
2023-09-13 15:51:24,686 - TestMyLog - INFO - ********登录测试结束********
2023-09-13 15:51:35,441 - TestMyLog - INFO - ********登录测试开始,输入用户名：输入验证码:230516******
2023-09-13 15:51:35,441 - TestMyLog - INFO - ********登录测试开始,输入用户名：输入验证码:230516******
2023-09-13 15:51:36,845 - TestMyLog - INFO - ********登录测试结束********
2023-09-13 15:51:36,845 - TestMyLog - INFO - ********登录测试结束********
2023-09-13 15:51:47,931 - TestMyLog - INFO - ********登录测试开始,输入用户名：13730870086输入验证码:******
2023-09-13 15:51:47,931 - TestMyLog - INFO - ********登录测试开始,输入用户名：13730870086输入验证码:******
2023-09-13 15:51:49,356 - TestMyLog - INFO - ********登录测试结束********
2023-09-13 15:51:49,356 - TestMyLog - INFO - ********登录测试结束********
2023-09-13 15:52:00,338 - TestMyLog - INFO - ********登录测试开始,输入用户名：13730870086输入验证码:230515******
2023-09-13 15:52:00,338 - TestMyLog - INFO - ********登录测试开始,输入用户名：13730870086输入验证码:230515******
2023-09-13 15:52:01,852 - TestMyLog - INFO - ********登录测试结束********
2023-09-13 15:52:01,852 - TestMyLog - INFO - ********登录测试结束********
